<?xml version="1.0" encoding="UTF-8"?>
<!-- Generated by org.testng.reporters.JUnitReportReporter -->
<testsuite hostname="AKSHAYKALLURWAR" name="com.crm.qa.testcases.LoginPageTest" tests="3" failures="0" timestamp="23 Jan 2020 18:33:55 GMT" time="36.803" errors="0">
  <testcase name="loginTest" time="15.083" classname="com.crm.qa.testcases.LoginPageTest"/>
  <testcase name="loginPageTitleTest" time="14.036" classname="com.crm.qa.testcases.LoginPageTest"/>
  <testcase name="validateBrandSloganTest" time="7.684" classname="com.crm.qa.testcases.LoginPageTest"/>
</testsuite> <!-- com.crm.qa.testcases.LoginPageTest -->
