<?xml version="1.0" encoding="UTF-8"?>
<!-- Generated by org.testng.reporters.JUnitReportReporter -->
<testsuite hostname="AKSHAYKALLURWAR" name="com.crm.qa.testcases.LoginPageTest" tests="3" failures="0" timestamp="30 Jan 2020 21:08:06 GMT" time="29.804" errors="0">
  <testcase name="loginTest" time="14.975" classname="com.crm.qa.testcases.LoginPageTest"/>
  <testcase name="loginPageTitleTest" time="7.877" classname="com.crm.qa.testcases.LoginPageTest"/>
  <testcase name="validateBrandSloganTest" time="6.952" classname="com.crm.qa.testcases.LoginPageTest"/>
</testsuite> <!-- com.crm.qa.testcases.LoginPageTest -->
