<?xml version="1.0" encoding="UTF-8"?>
<!-- Generated by org.testng.reporters.JUnitReportReporter -->
<testsuite hostname="AKSHAYKALLURWAR" name="com.crm.qa.testcases.HomePageTest" tests="5" failures="0" timestamp="19 Feb 2020 10:12:39 GMT" time="83.390" errors="0">
  <testcase name="verifyContactsLinkTest" time="19.497" classname="com.crm.qa.testcases.HomePageTest"/>
  <testcase name="clickOnTasksLinkTest" time="13.640" classname="com.crm.qa.testcases.HomePageTest"/>
  <testcase name="verifyCorrectUsernameTest" time="15.221" classname="com.crm.qa.testcases.HomePageTest"/>
  <testcase name="verifyHomePageTitleTest" time="14.209" classname="com.crm.qa.testcases.HomePageTest"/>
  <testcase name="clickOnDealsLinkTest" time="20.823" classname="com.crm.qa.testcases.HomePageTest"/>
</testsuite> <!-- com.crm.qa.testcases.HomePageTest -->
