<?xml version="1.0" encoding="UTF-8"?>
<!-- Generated by org.testng.reporters.JUnitReportReporter -->
<testsuite hostname="AKSHAYKALLURWAR" name="com.crm.qa.testcases.LoginPageTest" tests="3" failures="0" timestamp="19 Feb 2020 10:12:39 GMT" time="28.159" errors="0">
  <testcase name="loginTest" time="13.559" classname="com.crm.qa.testcases.LoginPageTest"/>
  <testcase name="loginPageTitleTest" time="6.971" classname="com.crm.qa.testcases.LoginPageTest"/>
  <testcase name="validateBrandSloganTest" time="7.629" classname="com.crm.qa.testcases.LoginPageTest"/>
</testsuite> <!-- com.crm.qa.testcases.LoginPageTest -->
