<?xml version="1.0" encoding="UTF-8"?>
<!-- Generated by org.testng.reporters.JUnitReportReporter -->
<testsuite hostname="AKSHAYKALLURWAR" name="com.crm.qa.testcases.HomePageTest" tests="5" failures="0" timestamp="30 Jan 2020 21:08:06 GMT" time="89.976" errors="0">
  <testcase name="verifyContactsLinkTest" time="17.012" classname="com.crm.qa.testcases.HomePageTest"/>
  <testcase name="clickOnTasksLinkTest" time="16.854" classname="com.crm.qa.testcases.HomePageTest"/>
  <testcase name="verifyCorrectUsernameTest" time="15.543" classname="com.crm.qa.testcases.HomePageTest"/>
  <testcase name="verifyHomePageTitleTest" time="16.142" classname="com.crm.qa.testcases.HomePageTest"/>
  <testcase name="clickOnDealsLinkTest" time="24.425" classname="com.crm.qa.testcases.HomePageTest"/>
</testsuite> <!-- com.crm.qa.testcases.HomePageTest -->
